<?xml version="1.0" encoding="UTF-8"?>
<testng-results skipped="0" failed="0" total="1" passed="1">
  <reporter-output>
  </reporter-output>
  <suite name="Suite" duration-ms="19" started-at="2020-01-27T20:52:25Z" finished-at="2020-01-27T20:52:25Z">
    <groups>
    </groups>
    <test name="Test" duration-ms="19" started-at="2020-01-27T20:52:25Z" finished-at="2020-01-27T20:52:25Z">
      <class name="test.example">
        <test-method status="PASS" signature="test()[pri:0, instance:test.example@28864e92]" name="test" duration-ms="6" started-at="2020-01-28T02:22:25Z" finished-at="2020-01-28T02:22:25Z">
          <reporter-output>
          </reporter-output>
        </test-method> <!-- test -->
      </class> <!-- test.example -->
    </test> <!-- Test -->
  </suite> <!-- Suite -->
</testng-results>
